-------------------------------------------------------------------------------
Test set: TestClassPOM.testCase
-------------------------------------------------------------------------------
Tests run: 1, Failures: 1, Errors: 0, Skipped: 0, Time elapsed: 11.533 s <<< FAILURE! - in TestClassPOM.testCase
testTitle(TestClassPOM.testCase)  Time elapsed: 2.193 s  <<< FAILURE!
java.lang.AssertionError
	at TestClassPOM.testCase.testTitle(testCase.java:15)

